<?xml version="1.0" encoding="UTF-8"?>
<!-- Generated by org.testng.reporters.JUnitReportReporter -->
<testsuite skipped="0" hostname="DESKTOP-U8MBT3O" name="Test1" tests="1" failures="0" timestamp="2022-10-12T09:51:59 ICT" time="6.397" errors="0">
  <testcase name="Login" time="6.397" classname="Test1"/>
  <system-out/>
</testsuite> <!-- Test1 -->
